<?xml version="1.0" encoding="UTF-8"?>
<!-- Generated by org.testng.reporters.JUnitReportReporter -->
<testsuite hostname="LAPTOP-1RLF7SK4" failures="0" tests="1" name="runner.TestRunner" time="4.168" errors="0" timestamp="2024-07-22T21:58:54 IST" skipped="0">
  <testcase classname="runner.TestRunner" name="runScenario" time="4.168"/>
</testsuite> <!-- runner.TestRunner -->
